<?xml version="1.0" encoding="UTF-8"?>
<coverage generated="1644012714405" clover="3.2.0">
  <project timestamp="1644012714405" name="All files">
    <metrics statements="25" coveredstatements="25" conditionals="12" coveredconditionals="9" methods="5" coveredmethods="5" elements="42" coveredelements="39" complexity="0" loc="25" ncloc="25" packages="1" files="2" classes="2"/>
    <file name="make-html.js" path="C:\Users\Stull\OneDrive\Documents\Skóli\vefforritun2\verkefni1\src\make-html.js">
      <metrics statements="18" coveredstatements="18" conditionals="8" coveredconditionals="5" methods="4" coveredmethods="4"/>
      <line num="4" count="2" type="cond" truecount="1" falsecount="1"/>
      <line num="5" count="2" type="stmt"/>
      <line num="6" count="2" type="cond" truecount="2" falsecount="0"/>
      <line num="7" count="1" type="stmt"/>
      <line num="18" count="1" type="stmt"/>
      <line num="21" count="2" type="stmt"/>
      <line num="22" count="2" type="stmt"/>
      <line num="23" count="2" type="stmt"/>
      <line num="24" count="5" type="stmt"/>
      <line num="25" count="5" type="stmt"/>
      <line num="29" count="2" type="stmt"/>
      <line num="33" count="2" type="stmt"/>
      <line num="37" count="1" type="stmt"/>
      <line num="38" count="1" type="stmt"/>
      <line num="39" count="2" type="stmt"/>
      <line num="40" count="2" type="stmt"/>
      <line num="42" count="1" type="stmt"/>
      <line num="45" count="1" type="stmt"/>
    </file>
    <file name="parser.js" path="C:\Users\Stull\OneDrive\Documents\Skóli\vefforritun2\verkefni1\src\parser.js">
      <metrics statements="7" coveredstatements="7" conditionals="4" coveredconditionals="4" methods="1" coveredmethods="1"/>
      <line num="2" count="4" type="stmt"/>
      <line num="3" count="4" type="stmt"/>
      <line num="4" count="4" type="stmt"/>
      <line num="5" count="7" type="stmt"/>
      <line num="6" count="7" type="cond" truecount="4" falsecount="0"/>
      <line num="7" count="5" type="stmt"/>
      <line num="10" count="4" type="stmt"/>
    </file>
  </project>
</coverage>
