{"C:\\Users\\Stull\\OneDrive\\Documents\\Skóli\\vefforritun2\\verkefni1\\src\\make-html.js": {"path":"C:\\Users\\Stull\\OneDrive\\Documents\\Skóli\\vefforritun2\\verkefni1\\src\\make-html.js","statementMap":{"0":{"start":{"line":4,"column":15},"end":{"line":4,"column":39}},"1":{"start":{"line":5,"column":13},"end":{"line":5,"column":15}},"2":{"start":{"line":6,"column":2},"end":{"line":19,"column":3}},"3":{"start":{"line":7,"column":4},"end":{"line":16,"column":4}},"4":{"start":{"line":18,"column":4},"end":{"line":18,"column":46}},"5":{"start":{"line":21,"column":13},"end":{"line":21,"column":15}},"6":{"start":{"line":22,"column":15},"end":{"line":22,"column":35}},"7":{"start":{"line":23,"column":2},"end":{"line":26,"column":3}},"8":{"start":{"line":23,"column":15},"end":{"line":23,"column":16}},"9":{"start":{"line":24,"column":16},"end":{"line":24,"column":37}},"10":{"start":{"line":25,"column":4},"end":{"line":25,"column":16}},"11":{"start":{"line":29,"column":4},"end":{"line":32,"column":25}},"12":{"start":{"line":33,"column":2},"end":{"line":33,"column":14}},"13":{"start":{"line":37,"column":13},"end":{"line":37,"column":15}},"14":{"start":{"line":38,"column":2},"end":{"line":41,"column":5}},"15":{"start":{"line":39,"column":17},"end":{"line":39,"column":68}},"16":{"start":{"line":40,"column":4},"end":{"line":40,"column":17}},"17":{"start":{"line":42,"column":2},"end":{"line":42,"column":107}},"18":{"start":{"line":45,"column":2},"end":{"line":59,"column":11}}},"fnMap":{"0":{"name":"makeHTML","decl":{"start":{"line":3,"column":16},"end":{"line":3,"column":24}},"loc":{"start":{"line":3,"column":50},"end":{"line":34,"column":1}},"line":3},"1":{"name":"makeIndex","decl":{"start":{"line":36,"column":16},"end":{"line":36,"column":25}},"loc":{"start":{"line":36,"column":33},"end":{"line":43,"column":1}},"line":36},"2":{"name":"(anonymous_2)","decl":{"start":{"line":38,"column":16},"end":{"line":38,"column":17}},"loc":{"start":{"line":38,"column":29},"end":{"line":41,"column":3}},"line":38},"3":{"name":"makeTemplate","decl":{"start":{"line":44,"column":16},"end":{"line":44,"column":28}},"loc":{"start":{"line":44,"column":42},"end":{"line":60,"column":1}},"line":44}},"branchMap":{"0":{"loc":{"start":{"line":4,"column":22},"end":{"line":4,"column":32}},"type":"binary-expr","locations":[{"start":{"line":4,"column":22},"end":{"line":4,"column":26}},{"start":{"line":4,"column":30},"end":{"line":4,"column":32}}],"line":4},"1":{"loc":{"start":{"line":6,"column":2},"end":{"line":19,"column":3}},"type":"if","locations":[{"start":{"line":6,"column":2},"end":{"line":19,"column":3}},{"start":{"line":17,"column":9},"end":{"line":19,"column":3}}],"line":6},"2":{"loc":{"start":{"line":51,"column":15},"end":{"line":51,"column":26}},"type":"binary-expr","locations":[{"start":{"line":51,"column":15},"end":{"line":51,"column":20}},{"start":{"line":51,"column":24},"end":{"line":51,"column":26}}],"line":51},"3":{"loc":{"start":{"line":56,"column":8},"end":{"line":56,"column":18}},"type":"binary-expr","locations":[{"start":{"line":56,"column":8},"end":{"line":56,"column":12}},{"start":{"line":56,"column":16},"end":{"line":56,"column":18}}],"line":56}},"s":{"0":2,"1":2,"2":2,"3":1,"4":1,"5":2,"6":2,"7":2,"8":2,"9":5,"10":5,"11":2,"12":2,"13":1,"14":1,"15":2,"16":2,"17":1,"18":1},"f":{"0":2,"1":1,"2":2,"3":1},"b":{"0":[2,0],"1":[1,1],"2":[1,0],"3":[1,0]},"_coverageSchema":"1a1c01bbd47fc00a2c39e90264f33305004495a9","hash":"f33aafc1474191450590cc3857429470c8c04901"}
,"C:\\Users\\Stull\\OneDrive\\Documents\\Skóli\\vefforritun2\\verkefni1\\src\\parser.js": {"path":"C:\\Users\\Stull\\OneDrive\\Documents\\Skóli\\vefforritun2\\verkefni1\\src\\parser.js","statementMap":{"0":{"start":{"line":2,"column":15},"end":{"line":2,"column":32}},"1":{"start":{"line":3,"column":14},"end":{"line":3,"column":16}},"2":{"start":{"line":4,"column":2},"end":{"line":9,"column":3}},"3":{"start":{"line":4,"column":15},"end":{"line":4,"column":16}},"4":{"start":{"line":5,"column":4},"end":{"line":5,"column":29}},"5":{"start":{"line":6,"column":4},"end":{"line":8,"column":5}},"6":{"start":{"line":7,"column":6},"end":{"line":7,"column":24}},"7":{"start":{"line":10,"column":2},"end":{"line":10,"column":13}}},"fnMap":{"0":{"name":"parse","decl":{"start":{"line":1,"column":16},"end":{"line":1,"column":21}},"loc":{"start":{"line":1,"column":29},"end":{"line":11,"column":1}},"line":1}},"branchMap":{"0":{"loc":{"start":{"line":6,"column":4},"end":{"line":8,"column":5}},"type":"if","locations":[{"start":{"line":6,"column":4},"end":{"line":8,"column":5}},{"start":{},"end":{}}],"line":6},"1":{"loc":{"start":{"line":6,"column":8},"end":{"line":6,"column":41}},"type":"binary-expr","locations":[{"start":{"line":6,"column":8},"end":{"line":6,"column":23}},{"start":{"line":6,"column":27},"end":{"line":6,"column":41}}],"line":6}},"s":{"0":4,"1":4,"2":4,"3":4,"4":7,"5":7,"6":5,"7":4},"f":{"0":4},"b":{"0":[5,2],"1":[7,6]},"_coverageSchema":"1a1c01bbd47fc00a2c39e90264f33305004495a9","hash":"3b72dea10912a89f9a1042a0e436cb03ecbccc05"}
}
