TN:
SF:src\make-html.js
FN:3,makeHTML
FN:36,makeIndex
FN:38,(anonymous_2)
FN:44,makeTemplate
FNF:4
FNH:4
FNDA:2,makeHTML
FNDA:1,makeIndex
FNDA:2,(anonymous_2)
FNDA:1,makeTemplate
DA:4,2
DA:5,2
DA:6,2
DA:7,1
DA:18,1
DA:21,2
DA:22,2
DA:23,2
DA:24,5
DA:25,5
DA:29,2
DA:33,2
DA:37,1
DA:38,1
DA:39,2
DA:40,2
DA:42,1
DA:45,1
LF:18
LH:18
BRDA:4,0,0,2
BRDA:4,0,1,0
BRDA:6,1,0,1
BRDA:6,1,1,1
BRDA:51,2,0,1
BRDA:51,2,1,0
BRDA:56,3,0,1
BRDA:56,3,1,0
BRF:8
BRH:5
end_of_record
TN:
SF:src\parser.js
FN:1,parse
FNF:1
FNH:1
FNDA:4,parse
DA:2,4
DA:3,4
DA:4,4
DA:5,7
DA:6,7
DA:7,5
DA:10,4
LF:7
LH:7
BRDA:6,0,0,5
BRDA:6,0,1,2
BRDA:6,1,0,7
BRDA:6,1,1,6
BRF:4
BRH:4
end_of_record
